This is pdfTeX, Version 3.14159265-2.6-1.40.18 (TeX Live 2017/Debian) (preloaded format=pdflatex 2019.9.30)  3 MAR 2020 11:46
entering extended mode
 restricted \write18 enabled.
 %&-line parsing enabled.
**Thesis.tex
(./Thesis.tex
LaTeX2e <2017-04-15>
Babel <3.18> and hyphenation patterns for 84 language(s) loaded.
(/usr/share/texlive/texmf-dist/tex/latex/base/report.cls
Document Class: report 2014/09/29 v1.4h Standard LaTeX document class
(/usr/share/texlive/texmf-dist/tex/latex/base/size11.clo
File: size11.clo 2014/09/29 v1.4h Standard LaTeX file (size option)
)
\c@part=\count79
\c@chapter=\count80
\c@section=\count81
\c@subsection=\count82
\c@subsubsection=\count83
\c@paragraph=\count84
\c@subparagraph=\count85
\c@figure=\count86
\c@table=\count87
\abovecaptionskip=\skip41
\belowcaptionskip=\skip42
\bibindent=\dimen102
)
(/usr/share/texlive/texmf-dist/tex/latex/base/inputenc.sty
Package: inputenc 2015/03/17 v1.2c Input encoding file
\inpenc@prehook=\toks14
\inpenc@posthook=\toks15

(/usr/share/texlive/texmf-dist/tex/latex/base/utf8.def
File: utf8.def 2017/01/28 v1.1t UTF-8 support for inputenc
Now handling font encoding OML ...
... no UTF-8 mapping file for font encoding OML
Now handling font encoding T1 ...
... processing UTF-8 mapping file for font encoding T1

(/usr/share/texlive/texmf-dist/tex/latex/base/t1enc.dfu
File: t1enc.dfu 2017/01/28 v1.1t UTF-8 support for inputenc
   defining Unicode char U+00A0 (decimal 160)
   defining Unicode char U+00A1 (decimal 161)
   defining Unicode char U+00A3 (decimal 163)
   defining Unicode char U+00AB (decimal 171)
   defining Unicode char U+00AD (decimal 173)
   defining Unicode char U+00BB (decimal 187)
   defining Unicode char U+00BF (decimal 191)
   defining Unicode char U+00C0 (decimal 192)
   defining Unicode char U+00C1 (decimal 193)
   defining Unicode char U+00C2 (decimal 194)
   defining Unicode char U+00C3 (decimal 195)
   defining Unicode char U+00C4 (decimal 196)
   defining Unicode char U+00C5 (decimal 197)
   defining Unicode char U+00C6 (decimal 198)
   defining Unicode char U+00C7 (decimal 199)
   defining Unicode char U+00C8 (decimal 200)
   defining Unicode char U+00C9 (decimal 201)
   defining Unicode char U+00CA (decimal 202)
   defining Unicode char U+00CB (decimal 203)
   defining Unicode char U+00CC (decimal 204)
   defining Unicode char U+00CD (decimal 205)
   defining Unicode char U+00CE (decimal 206)
   defining Unicode char U+00CF (decimal 207)
   defining Unicode char U+00D0 (decimal 208)
   defining Unicode char U+00D1 (decimal 209)
   defining Unicode char U+00D2 (decimal 210)
   defining Unicode char U+00D3 (decimal 211)
   defining Unicode char U+00D4 (decimal 212)
   defining Unicode char U+00D5 (decimal 213)
   defining Unicode char U+00D6 (decimal 214)
   defining Unicode char U+00D8 (decimal 216)
   defining Unicode char U+00D9 (decimal 217)
   defining Unicode char U+00DA (decimal 218)
   defining Unicode char U+00DB (decimal 219)
   defining Unicode char U+00DC (decimal 220)
   defining Unicode char U+00DD (decimal 221)
   defining Unicode char U+00DE (decimal 222)
   defining Unicode char U+00DF (decimal 223)
   defining Unicode char U+00E0 (decimal 224)
   defining Unicode char U+00E1 (decimal 225)
   defining Unicode char U+00E2 (decimal 226)
   defining Unicode char U+00E3 (decimal 227)
   defining Unicode char U+00E4 (decimal 228)
   defining Unicode char U+00E5 (decimal 229)
   defining Unicode char U+00E6 (decimal 230)
   defining Unicode char U+00E7 (decimal 231)
   defining Unicode char U+00E8 (decimal 232)
   defining Unicode char U+00E9 (decimal 233)
   defining Unicode char U+00EA (decimal 234)
   defining Unicode char U+00EB (decimal 235)
   defining Unicode char U+00EC (decimal 236)
   defining Unicode char U+00ED (decimal 237)
   defining Unicode char U+00EE (decimal 238)
   defining Unicode char U+00EF (decimal 239)
   defining Unicode char U+00F0 (decimal 240)
   defining Unicode char U+00F1 (decimal 241)
   defining Unicode char U+00F2 (decimal 242)
   defining Unicode char U+00F3 (decimal 243)
   defining Unicode char U+00F4 (decimal 244)
   defining Unicode char U+00F5 (decimal 245)
   defining Unicode char U+00F6 (decimal 246)
   defining Unicode char U+00F8 (decimal 248)
   defining Unicode char U+00F9 (decimal 249)
   defining Unicode char U+00FA (decimal 250)
   defining Unicode char U+00FB (decimal 251)
   defining Unicode char U+00FC (decimal 252)
   defining Unicode char U+00FD (decimal 253)
   defining Unicode char U+00FE (decimal 254)
   defining Unicode char U+00FF (decimal 255)
   defining Unicode char U+0100 (decimal 256)
   defining Unicode char U+0101 (decimal 257)
   defining Unicode char U+0102 (decimal 258)
   defining Unicode char U+0103 (decimal 259)
   defining Unicode char U+0104 (decimal 260)
   defining Unicode char U+0105 (decimal 261)
   defining Unicode char U+0106 (decimal 262)
   defining Unicode char U+0107 (decimal 263)
   defining Unicode char U+0108 (decimal 264)
   defining Unicode char U+0109 (decimal 265)
   defining Unicode char U+010A (decimal 266)
   defining Unicode char U+010B (decimal 267)
   defining Unicode char U+010C (decimal 268)
   defining Unicode char U+010D (decimal 269)
   defining Unicode char U+010E (decimal 270)
   defining Unicode char U+010F (decimal 271)
   defining Unicode char U+0110 (decimal 272)
   defining Unicode char U+0111 (decimal 273)
   defining Unicode char U+0112 (decimal 274)
   defining Unicode char U+0113 (decimal 275)
   defining Unicode char U+0114 (decimal 276)
   defining Unicode char U+0115 (decimal 277)
   defining Unicode char U+0116 (decimal 278)
   defining Unicode char U+0117 (decimal 279)
   defining Unicode char U+0118 (decimal 280)
   defining Unicode char U+0119 (decimal 281)
   defining Unicode char U+011A (decimal 282)
   defining Unicode char U+011B (decimal 283)
   defining Unicode char U+011C (decimal 284)
   defining Unicode char U+011D (decimal 285)
   defining Unicode char U+011E (decimal 286)
   defining Unicode char U+011F (decimal 287)
   defining Unicode char U+0120 (decimal 288)
   defining Unicode char U+0121 (decimal 289)
   defining Unicode char U+0122 (decimal 290)
   defining Unicode char U+0123 (decimal 291)
   defining Unicode char U+0124 (decimal 292)
   defining Unicode char U+0125 (decimal 293)
   defining Unicode char U+0128 (decimal 296)
   defining Unicode char U+0129 (decimal 297)
   defining Unicode char U+012A (decimal 298)
   defining Unicode char U+012B (decimal 299)
   defining Unicode char U+012C (decimal 300)
   defining Unicode char U+012D (decimal 301)
   defining Unicode char U+012E (decimal 302)
   defining Unicode char U+012F (decimal 303)
   defining Unicode char U+0130 (decimal 304)
   defining Unicode char U+0131 (decimal 305)
   defining Unicode char U+0132 (decimal 306)
   defining Unicode char U+0133 (decimal 307)
   defining Unicode char U+0134 (decimal 308)
   defining Unicode char U+0135 (decimal 309)
   defining Unicode char U+0136 (decimal 310)
   defining Unicode char U+0137 (decimal 311)
   defining Unicode char U+0139 (decimal 313)
   defining Unicode char U+013A (decimal 314)
   defining Unicode char U+013B (decimal 315)
   defining Unicode char U+013C (decimal 316)
   defining Unicode char U+013D (decimal 317)
   defining Unicode char U+013E (decimal 318)
   defining Unicode char U+0141 (decimal 321)
   defining Unicode char U+0142 (decimal 322)
   defining Unicode char U+0143 (decimal 323)
   defining Unicode char U+0144 (decimal 324)
   defining Unicode char U+0145 (decimal 325)
   defining Unicode char U+0146 (decimal 326)
   defining Unicode char U+0147 (decimal 327)
   defining Unicode char U+0148 (decimal 328)
   defining Unicode char U+014A (decimal 330)
   defining Unicode char U+014B (decimal 331)
   defining Unicode char U+014C (decimal 332)
   defining Unicode char U+014D (decimal 333)
   defining Unicode char U+014E (decimal 334)
   defining Unicode char U+014F (decimal 335)
   defining Unicode char U+0150 (decimal 336)
   defining Unicode char U+0151 (decimal 337)
   defining Unicode char U+0152 (decimal 338)
   defining Unicode char U+0153 (decimal 339)
   defining Unicode char U+0154 (decimal 340)
   defining Unicode char U+0155 (decimal 341)
   defining Unicode char U+0156 (decimal 342)
   defining Unicode char U+0157 (decimal 343)
   defining Unicode char U+0158 (decimal 344)
   defining Unicode char U+0159 (decimal 345)
   defining Unicode char U+015A (decimal 346)
   defining Unicode char U+015B (decimal 347)
   defining Unicode char U+015C (decimal 348)
   defining Unicode char U+015D (decimal 349)
   defining Unicode char U+015E (decimal 350)
   defining Unicode char U+015F (decimal 351)
   defining Unicode char U+0160 (decimal 352)
   defining Unicode char U+0161 (decimal 353)
   defining Unicode char U+0162 (decimal 354)
   defining Unicode char U+0163 (decimal 355)
   defining Unicode char U+0164 (decimal 356)
   defining Unicode char U+0165 (decimal 357)
   defining Unicode char U+0168 (decimal 360)
   defining Unicode char U+0169 (decimal 361)
   defining Unicode char U+016A (decimal 362)
   defining Unicode char U+016B (decimal 363)
   defining Unicode char U+016C (decimal 364)
   defining Unicode char U+016D (decimal 365)
   defining Unicode char U+016E (decimal 366)
   defining Unicode char U+016F (decimal 367)
   defining Unicode char U+0170 (decimal 368)
   defining Unicode char U+0171 (decimal 369)
   defining Unicode char U+0172 (decimal 370)
   defining Unicode char U+0173 (decimal 371)
   defining Unicode char U+0174 (decimal 372)
   defining Unicode char U+0175 (decimal 373)
   defining Unicode char U+0176 (decimal 374)
   defining Unicode char U+0177 (decimal 375)
   defining Unicode char U+0178 (decimal 376)
   defining Unicode char U+0179 (decimal 377)
   defining Unicode char U+017A (decimal 378)
   defining Unicode char U+017B (decimal 379)
   defining Unicode char U+017C (decimal 380)
   defining Unicode char U+017D (decimal 381)
   defining Unicode char U+017E (decimal 382)
   defining Unicode char U+01CD (decimal 461)
   defining Unicode char U+01CE (decimal 462)
   defining Unicode char U+01CF (decimal 463)
   defining Unicode char U+01D0 (decimal 464)
   defining Unicode char U+01D1 (decimal 465)
   defining Unicode char U+01D2 (decimal 466)
   defining Unicode char U+01D3 (decimal 467)
   defining Unicode char U+01D4 (decimal 468)
   defining Unicode char U+01E2 (decimal 482)
   defining Unicode char U+01E3 (decimal 483)
   defining Unicode char U+01E6 (decimal 486)
   defining Unicode char U+01E7 (decimal 487)
   defining Unicode char U+01E8 (decimal 488)
   defining Unicode char U+01E9 (decimal 489)
   defining Unicode char U+01EA (decimal 490)
   defining Unicode char U+01EB (decimal 491)
   defining Unicode char U+01F0 (decimal 496)
   defining Unicode char U+01F4 (decimal 500)
   defining Unicode char U+01F5 (decimal 501)
   defining Unicode char U+0218 (decimal 536)
   defining Unicode char U+0219 (decimal 537)
   defining Unicode char U+021A (decimal 538)
   defining Unicode char U+021B (decimal 539)
   defining Unicode char U+0232 (decimal 562)
   defining Unicode char U+0233 (decimal 563)
   defining Unicode char U+1E02 (decimal 7682)
   defining Unicode char U+1E03 (decimal 7683)
   defining Unicode char U+200C (decimal 8204)
   defining Unicode char U+2010 (decimal 8208)
   defining Unicode char U+2011 (decimal 8209)
   defining Unicode char U+2012 (decimal 8210)
   defining Unicode char U+2013 (decimal 8211)
   defining Unicode char U+2014 (decimal 8212)
   defining Unicode char U+2015 (decimal 8213)
   defining Unicode char U+2018 (decimal 8216)
   defining Unicode char U+2019 (decimal 8217)
   defining Unicode char U+201A (decimal 8218)
   defining Unicode char U+201C (decimal 8220)
   defining Unicode char U+201D (decimal 8221)
   defining Unicode char U+201E (decimal 8222)
   defining Unicode char U+2030 (decimal 8240)
   defining Unicode char U+2031 (decimal 8241)
   defining Unicode char U+2039 (decimal 8249)
   defining Unicode char U+203A (decimal 8250)
   defining Unicode char U+2423 (decimal 9251)
   defining Unicode char U+1E20 (decimal 7712)
   defining Unicode char U+1E21 (decimal 7713)
)
Now handling font encoding OT1 ...
... processing UTF-8 mapping file for font encoding OT1

(/usr/share/texlive/texmf-dist/tex/latex/base/ot1enc.dfu
File: ot1enc.dfu 2017/01/28 v1.1t UTF-8 support for inputenc
   defining Unicode char U+00A0 (decimal 160)
   defining Unicode char U+00A1 (decimal 161)
   defining Unicode char U+00A3 (decimal 163)
   defining Unicode char U+00AD (decimal 173)
   defining Unicode char U+00B8 (decimal 184)
   defining Unicode char U+00BF (decimal 191)
   defining Unicode char U+00C5 (decimal 197)
   defining Unicode char U+00C6 (decimal 198)
   defining Unicode char U+00D8 (decimal 216)
   defining Unicode char U+00DF (decimal 223)
   defining Unicode char U+00E6 (decimal 230)
   defining Unicode char U+00EC (decimal 236)
   defining Unicode char U+00ED (decimal 237)
   defining Unicode char U+00EE (decimal 238)
   defining Unicode char U+00EF (decimal 239)
   defining Unicode char U+00F8 (decimal 248)
   defining Unicode char U+0131 (decimal 305)
   defining Unicode char U+0141 (decimal 321)
   defining Unicode char U+0142 (decimal 322)
   defining Unicode char U+0152 (decimal 338)
   defining Unicode char U+0153 (decimal 339)
   defining Unicode char U+0174 (decimal 372)
   defining Unicode char U+0175 (decimal 373)
   defining Unicode char U+0176 (decimal 374)
   defining Unicode char U+0177 (decimal 375)
   defining Unicode char U+0218 (decimal 536)
   defining Unicode char U+0219 (decimal 537)
   defining Unicode char U+021A (decimal 538)
   defining Unicode char U+021B (decimal 539)
   defining Unicode char U+2013 (decimal 8211)
   defining Unicode char U+2014 (decimal 8212)
   defining Unicode char U+2018 (decimal 8216)
   defining Unicode char U+2019 (decimal 8217)
   defining Unicode char U+201C (decimal 8220)
   defining Unicode char U+201D (decimal 8221)
)
Now handling font encoding OMS ...
... processing UTF-8 mapping file for font encoding OMS

(/usr/share/texlive/texmf-dist/tex/latex/base/omsenc.dfu
File: omsenc.dfu 2017/01/28 v1.1t UTF-8 support for inputenc
   defining Unicode char U+00A7 (decimal 167)
   defining Unicode char U+00B6 (decimal 182)
   defining Unicode char U+00B7 (decimal 183)
   defining Unicode char U+2020 (decimal 8224)
   defining Unicode char U+2021 (decimal 8225)
   defining Unicode char U+2022 (decimal 8226)
)
Now handling font encoding OMX ...
... no UTF-8 mapping file for font encoding OMX
Now handling font encoding U ...
... no UTF-8 mapping file for font encoding U
   defining Unicode char U+00A9 (decimal 169)
   defining Unicode char U+00AA (decimal 170)
   defining Unicode char U+00AE (decimal 174)
   defining Unicode char U+00BA (decimal 186)
   defining Unicode char U+02C6 (decimal 710)
   defining Unicode char U+02DC (decimal 732)
   defining Unicode char U+200C (decimal 8204)
   defining Unicode char U+2026 (decimal 8230)
   defining Unicode char U+2122 (decimal 8482)
   defining Unicode char U+2423 (decimal 9251)
))
(/usr/share/texlive/texmf-dist/tex/latex/enumitem/enumitem.sty
Package: enumitem 2011/09/28 v3.5.2 Customized lists
\enitkv@toks@=\toks16
\labelindent=\skip43
\enit@outerparindent=\dimen103
\enit@toks=\toks17
\enit@inbox=\box26
\enitdp@description=\count88
)
(/usr/share/texlive/texmf-dist/tex/latex/appendix/appendix.sty
Package: appendix 2009/09/02 v1.2b extra appendix facilities
\c@@pps=\count89
\c@@ppsavesec=\count90
\c@@ppsaveapp=\count91
)
(/usr/share/texlive/texmf-dist/tex/latex/amsmath/amsmath.sty
Package: amsmath 2017/09/02 v2.17a AMS math features
\@mathmargin=\skip44

For additional information on amsmath, use the `?' option.
(/usr/share/texlive/texmf-dist/tex/latex/amsmath/amstext.sty
Package: amstext 2000/06/29 v2.01 AMS text

(/usr/share/texlive/texmf-dist/tex/latex/amsmath/amsgen.sty
File: amsgen.sty 1999/11/30 v2.0 generic functions
\@emptytoks=\toks18
\ex@=\dimen104
))
(/usr/share/texlive/texmf-dist/tex/latex/amsmath/amsbsy.sty
Package: amsbsy 1999/11/29 v1.2d Bold Symbols
\pmbraise@=\dimen105
)
(/usr/share/texlive/texmf-dist/tex/latex/amsmath/amsopn.sty
Package: amsopn 2016/03/08 v2.02 operator names
)
\inf@bad=\count92
LaTeX Info: Redefining \frac on input line 213.
\uproot@=\count93
\leftroot@=\count94
LaTeX Info: Redefining \overline on input line 375.
\classnum@=\count95
\DOTSCASE@=\count96
LaTeX Info: Redefining \ldots on input line 472.
LaTeX Info: Redefining \dots on input line 475.
LaTeX Info: Redefining \cdots on input line 596.
\Mathstrutbox@=\box27
\strutbox@=\box28
\big@size=\dimen106
LaTeX Font Info:    Redeclaring font encoding OML on input line 712.
LaTeX Font Info:    Redeclaring font encoding OMS on input line 713.
\macc@depth=\count97
\c@MaxMatrixCols=\count98
\dotsspace@=\muskip10
\c@parentequation=\count99
\dspbrk@lvl=\count100
\tag@help=\toks19
\row@=\count101
\column@=\count102
\maxfields@=\count103
\andhelp@=\toks20
\eqnshift@=\dimen107
\alignsep@=\dimen108
\tagshift@=\dimen109
\tagwidth@=\dimen110
\totwidth@=\dimen111
\lineht@=\dimen112
\@envbody=\toks21
\multlinegap=\skip45
\multlinetaggap=\skip46
\mathdisplay@stack=\toks22
LaTeX Info: Redefining \[ on input line 2817.
LaTeX Info: Redefining \] on input line 2818.
)
(/usr/share/texlive/texmf-dist/tex/latex/graphics/graphicx.sty
Package: graphicx 2017/06/01 v1.1a Enhanced LaTeX Graphics (DPC,SPQR)

(/usr/share/texlive/texmf-dist/tex/latex/graphics/keyval.sty
Package: keyval 2014/10/28 v1.15 key=value parser (DPC)
\KV@toks@=\toks23
)
(/usr/share/texlive/texmf-dist/tex/latex/graphics/graphics.sty
Package: graphics 2017/06/25 v1.2c Standard LaTeX Graphics (DPC,SPQR)

(/usr/share/texlive/texmf-dist/tex/latex/graphics/trig.sty
Package: trig 2016/01/03 v1.10 sin cos tan (DPC)
)
(/usr/share/texlive/texmf-dist/tex/latex/graphics-cfg/graphics.cfg
File: graphics.cfg 2016/06/04 v1.11 sample graphics configuration
)
Package graphics Info: Driver file: pdftex.def on input line 99.

(/usr/share/texlive/texmf-dist/tex/latex/graphics-def/pdftex.def
File: pdftex.def 2018/01/08 v1.0l Graphics/color driver for pdftex
))
\Gin@req@height=\dimen113
\Gin@req@width=\dimen114
)
(/usr/share/texlive/texmf-dist/tex/latex/geometry/geometry.sty
Package: geometry 2010/09/12 v5.6 Page Geometry

(/usr/share/texlive/texmf-dist/tex/generic/oberdiek/ifpdf.sty
Package: ifpdf 2017/03/15 v3.2 Provides the ifpdf switch
)
(/usr/share/texlive/texmf-dist/tex/generic/oberdiek/ifvtex.sty
Package: ifvtex 2016/05/16 v1.6 Detect VTeX and its facilities (HO)
Package ifvtex Info: VTeX not detected.
)
(/usr/share/texlive/texmf-dist/tex/generic/ifxetex/ifxetex.sty
Package: ifxetex 2010/09/12 v0.6 Provides ifxetex conditional
)
\Gm@cnth=\count104
\Gm@cntv=\count105
\c@Gm@tempcnt=\count106
\Gm@bindingoffset=\dimen115
\Gm@wd@mp=\dimen116
\Gm@odd@mp=\dimen117
\Gm@even@mp=\dimen118
\Gm@layoutwidth=\dimen119
\Gm@layoutheight=\dimen120
\Gm@layouthoffset=\dimen121
\Gm@layoutvoffset=\dimen122
\Gm@dimlist=\toks24
)
(/usr/share/texlive/texmf-dist/tex/latex/placeins/placeins.sty
Package: placeins 2005/04/18  v 2.2
)
(/usr/share/texlive/texmf-dist/tex/latex/setspace/setspace.sty
Package: setspace 2011/12/19 v6.7a set line spacing
)
(/usr/share/texlive/texmf-dist/tex/latex/glossaries/base/glossaries.sty
Package: glossaries 2017/11/14 v4.35 (NLCT)

(/usr/share/texlive/texmf-dist/tex/latex/base/ifthen.sty
Package: ifthen 2014/09/29 v1.1c Standard LaTeX ifthen package (DPC)
)
(/usr/share/texlive/texmf-dist/tex/latex/xkeyval/xkeyval.sty
Package: xkeyval 2014/12/03 v2.7a package option processing (HA)

(/usr/share/texlive/texmf-dist/tex/generic/xkeyval/xkeyval.tex
(/usr/share/texlive/texmf-dist/tex/generic/xkeyval/xkvutils.tex
\XKV@toks=\toks25
\XKV@tempa@toks=\toks26
)
\XKV@depth=\count107
File: xkeyval.tex 2014/12/03 v2.7a key=value parser (HA)
))
(/usr/share/texlive/texmf-dist/tex/latex/mfirstuc/mfirstuc.sty
Package: mfirstuc 2017/11/14 v2.06 (NLCT)

(/usr/share/texlive/texmf-dist/tex/latex/etoolbox/etoolbox.sty
Package: etoolbox 2018/02/11 v2.5e e-TeX tools for LaTeX (JAW)
\etb@tempcnta=\count108
)
\@glsmfirst=\toks27
\@glsmrest=\toks28
)
(/usr/share/texlive/texmf-dist/tex/latex/textcase/textcase.sty
Package: textcase 2004/10/07 v0.07 Text only upper/lower case changing (DPC)
)
(/usr/share/texlive/texmf-dist/tex/latex/xfor/xfor.sty
Package: xfor 2009/02/05 v1.05 (NLCT)
)
(/usr/share/texlive/texmf-dist/tex/latex/datatool/datatool-base.sty
Package: datatool-base 2017/11/12 v2.29 (NLCT)

(/usr/share/texlive/texmf-dist/tex/latex/substr/substr.sty
Package: substr 2009/10/20 v1.2 Handle substrings
\c@su@anzahl=\count109
)
(/usr/share/texlive/texmf-dist/tex/latex/datatool/datatool-fp.sty
Package: datatool-fp 2017/11/12 v2.29 (NLCT)

(/usr/share/texlive/texmf-dist/tex/latex/fp/fp.sty
Package: fp 1995/04/02

`Fixed Point Package', Version 0.8, April 2, 1995 (C) Michael Mehlich
(/usr/share/texlive/texmf-dist/tex/latex/fp/defpattern.sty
Package: defpattern 1994/10/12
\actioncount=\count110
)
(/usr/share/texlive/texmf-dist/tex/latex/fp/fp-basic.sty
Package: fp-basic 1996/05/13
\FP@xs=\count111
\FP@xia=\count112
\FP@xib=\count113
\FP@xfa=\count114
\FP@xfb=\count115
\FP@rega=\count116
\FP@regb=\count117
\FP@regs=\count118
\FP@times=\count119
)
(/usr/share/texlive/texmf-dist/tex/latex/fp/fp-addons.sty
Package: fp-addons 1995/03/15
)
(/usr/share/texlive/texmf-dist/tex/latex/fp/fp-snap.sty
Package: fp-snap 1995/04/05
)
(/usr/share/texlive/texmf-dist/tex/latex/fp/fp-exp.sty
Package: fp-exp 1995/04/03
)
(/usr/share/texlive/texmf-dist/tex/latex/fp/fp-trigo.sty
Package: fp-trigo 1995/04/14
)
(/usr/share/texlive/texmf-dist/tex/latex/fp/fp-pas.sty
Package: fp-pas 1994/08/29
)
(/usr/share/texlive/texmf-dist/tex/latex/fp/fp-random.sty
Package: fp-random 1995/02/23
\FPseed=\count120
)
(/usr/share/texlive/texmf-dist/tex/latex/fp/fp-eqn.sty
Package: fp-eqn 1995/04/03
)
(/usr/share/texlive/texmf-dist/tex/latex/fp/fp-upn.sty
Package: fp-upn 1996/10/21
)
(/usr/share/texlive/texmf-dist/tex/latex/fp/fp-eval.sty
Package: fp-eval 1995/04/03
)))
\@dtl@toks=\toks29
\@dtl@tmpcount=\count121
\dtl@tmplength=\skip47
\dtl@sortresult=\count122
\@dtl@numgrpsepcount=\count123
\@dtl@datatype=\count124
\dtl@codeA=\count125
\dtl@codeB=\count126
\@dtl@foreach@level=\count127
)
(/usr/share/texlive/texmf-dist/tex/latex/glossaries/base/glossaries-compatible-
307.sty
Package: glossaries-compatible-307 2017/11/14 v4.35 (NLCT)
)
\gls@level=\count128
\@gls@tmpb=\toks30
\gls@tmplen=\skip48
\glskeylisttok=\toks31
\glslabeltok=\toks32
\glsshorttok=\toks33
\glslongtok=\toks34

(/usr/share/texlive/texmf-dist/tex/latex/glossaries/styles/glossary-hypernav.st
y
Package: glossary-hypernav 2017/11/14 v4.35 (NLCT)
) (/usr/share/texlive/texmf-dist/tex/latex/glossaries/styles/glossary-list.sty
Package: glossary-list 2017/11/14 v4.35 (NLCT)
\glslistdottedwidth=\skip49
) (/usr/share/texlive/texmf-dist/tex/latex/glossaries/styles/glossary-long.sty
Package: glossary-long 2017/11/14 v4.35 (NLCT)

(/usr/share/texlive/texmf-dist/tex/latex/tools/longtable.sty
Package: longtable 2014/10/28 v4.11 Multi-page Table package (DPC)
\LTleft=\skip50
\LTright=\skip51
\LTpre=\skip52
\LTpost=\skip53
\LTchunksize=\count129
\LTcapwidth=\dimen123
\LT@head=\box29
\LT@firsthead=\box30
\LT@foot=\box31
\LT@lastfoot=\box32
\LT@cols=\count130
\LT@rows=\count131
\c@LT@tables=\count132
\c@LT@chunks=\count133
\LT@p@ftn=\toks35
)
\glsdescwidth=\skip54
\glspagelistwidth=\skip55
)
(/usr/share/texlive/texmf-dist/tex/latex/glossaries/styles/glossary-super.sty
Package: glossary-super 2017/11/14 v4.35 (NLCT)

(/usr/share/texlive/texmf-dist/tex/latex/supertabular/supertabular.sty
Package: supertabular 2004/02/20 v4.1e the supertabular environment
\c@tracingst=\count134
\ST@wd=\dimen124
\ST@rightskip=\skip56
\ST@leftskip=\skip57
\ST@parfillskip=\skip58
\ST@pageleft=\dimen125
\ST@headht=\dimen126
\ST@tailht=\dimen127
\ST@pagesofar=\dimen128
\ST@pboxht=\dimen129
\ST@lineht=\dimen130
\ST@stretchht=\dimen131
\ST@prevht=\dimen132
\ST@toadd=\dimen133
\ST@dimen=\dimen134
\ST@pbox=\box33
))
(/usr/share/texlive/texmf-dist/tex/latex/glossaries/styles/glossary-tree.sty
Package: glossary-tree 2017/11/14 v4.35 (NLCT)
\glstreeindent=\skip59
))
(/usr/share/texlive/texmf-dist/tex/latex/url/url.sty
\Urlmuskip=\muskip11
Package: url 2013/09/16  ver 3.4  Verb mode for urls, etc.
)
(/usr/share/texlive/texmf-dist/tex/latex/dirtytalk/dirtytalk.sty
Package: dirtytalk 2010/11/21 A package making "quoting" easier

(/usr/share/texlive/texmf-dist/tex/latex/oberdiek/kvoptions.sty
Package: kvoptions 2016/05/16 v3.12 Key value format for package options (HO)

(/usr/share/texlive/texmf-dist/tex/generic/oberdiek/ltxcmds.sty
Package: ltxcmds 2016/05/16 v1.23 LaTeX kernel commands for general use (HO)
)
(/usr/share/texlive/texmf-dist/tex/generic/oberdiek/kvsetkeys.sty
Package: kvsetkeys 2016/05/16 v1.17 Key value parser (HO)

(/usr/share/texlive/texmf-dist/tex/generic/oberdiek/infwarerr.sty
Package: infwarerr 2016/05/16 v1.4 Providing info/warning/error messages (HO)
)
(/usr/share/texlive/texmf-dist/tex/generic/oberdiek/etexcmds.sty
Package: etexcmds 2016/05/16 v1.6 Avoid name clashes with e-TeX commands (HO)

(/usr/share/texlive/texmf-dist/tex/generic/oberdiek/ifluatex.sty
Package: ifluatex 2016/05/16 v1.4 Provides the ifluatex switch (HO)
Package ifluatex Info: LuaTeX not detected.
)
Package etexcmds Info: Could not find \expanded.
(etexcmds)             That can mean that you are not using pdfTeX 1.50 or
(etexcmds)             that some package has redefined \expanded.
(etexcmds)             In the latter case, load this package earlier.
)))
\c@dirtytalk@qdepth=\count135
)
(/usr/share/texlive/texmf-dist/tex/latex/multirow/multirow.sty
Package: multirow 2016/11/25 v2.2 Span multiple rows of a table
\multirow@colwidth=\skip60
\multirow@cntb=\count136
\multirow@dima=\skip61
\bigstrutjot=\dimen135
)
(/usr/share/texlive/texmf-dist/tex/latex/xcolor/xcolor.sty
Package: xcolor 2016/05/11 v2.12 LaTeX color extensions (UK)

(/usr/share/texlive/texmf-dist/tex/latex/graphics-cfg/color.cfg
File: color.cfg 2016/01/02 v1.6 sample color configuration
)
Package xcolor Info: Driver file: pdftex.def on input line 225.

(/usr/share/texlive/texmf-dist/tex/latex/colortbl/colortbl.sty
Package: colortbl 2012/02/13 v1.0a Color table columns (DPC)

(/usr/share/texlive/texmf-dist/tex/latex/tools/array.sty
Package: array 2016/10/06 v2.4d Tabular extension package (FMi)
\col@sep=\dimen136
\extrarowheight=\dimen137
\NC@list=\toks36
\extratabsurround=\skip62
\backup@length=\skip63
)
\everycr=\toks37
\minrowclearance=\skip64
)
\rownum=\count137
Package xcolor Info: Model `cmy' substituted by `cmy0' on input line 1348.
Package xcolor Info: Model `hsb' substituted by `rgb' on input line 1352.
Package xcolor Info: Model `RGB' extended on input line 1364.
Package xcolor Info: Model `HTML' substituted by `rgb' on input line 1366.
Package xcolor Info: Model `Hsb' substituted by `hsb' on input line 1367.
Package xcolor Info: Model `tHsb' substituted by `hsb' on input line 1368.
Package xcolor Info: Model `HSB' substituted by `hsb' on input line 1369.
Package xcolor Info: Model `Gray' substituted by `gray' on input line 1370.
Package xcolor Info: Model `wave' substituted by `hsb' on input line 1371.
)
(/usr/share/texlive/texmf-dist/tex/latex/type1cm/type1cm.sty
Package: type1cm 2002/09/05 v0.04 BlueSky/Y&Y Type1 CM font definitions (DPC, p
atched RF)
)
(/usr/share/texlive/texmf-dist/tex/latex/lettrine/lettrine.sty
File: lettrine.sty 2015/08/31 v1.9 (Daniel Flipo)
\c@DefaultLines=\count138
\c@DefaultDepth=\count139
\DefaultFindent=\dimen138
\DefaultNindent=\dimen139
\DefaultSlope=\dimen140
\DiscardVskip=\dimen141
\L@lbox=\box34
\L@tbox=\box35
\c@L@lines=\count140
\c@L@depth=\count141
\L@Pindent=\dimen142
\L@Findent=\dimen143
\L@Nindent=\dimen144
\L@lraise=\dimen145
\L@first=\dimen146
\L@next=\dimen147
\L@slope=\dimen148
\L@height=\dimen149
\L@novskip=\dimen150
\LettrineWidth=\dimen151
\LettrineHeight=\dimen152
\LettrineDepth=\dimen153

Loading lettrine.cfg
(/usr/share/texlive/texmf-dist/tex/latex/lettrine/lettrine.cfg))
(/usr/share/texlive/texmf-dist/tex/latex/listings/listings.sty
\lst@mode=\count142
\lst@gtempboxa=\box36
\lst@token=\toks38
\lst@length=\count143
\lst@currlwidth=\dimen154
\lst@column=\count144
\lst@pos=\count145
\lst@lostspace=\dimen155
\lst@width=\dimen156
\lst@newlines=\count146
\lst@lineno=\count147
\lst@maxwidth=\dimen157

(/usr/share/texlive/texmf-dist/tex/latex/listings/lstmisc.sty
File: lstmisc.sty 2015/06/04 1.6 (Carsten Heinz)
\c@lstnumber=\count148
\lst@skipnumbers=\count149
\lst@framebox=\box37
)
(/usr/share/texlive/texmf-dist/tex/latex/listings/listings.cfg
File: listings.cfg 2015/06/04 1.6 listings configuration
))
Package: listings 2015/06/04 1.6 (Carsten Heinz)

(/usr/share/texlive/texmf-dist/tex/latex/algorithms/algorithm.sty
Package: algorithm 2009/08/24 v0.1 Document Style `algorithm' - floating enviro
nment

(/usr/share/texlive/texmf-dist/tex/latex/float/float.sty
Package: float 2001/11/08 v1.3d Float enhancements (AL)
\c@float@type=\count150
\float@exts=\toks39
\float@box=\box38
\@float@everytoks=\toks40
\@floatcapt=\box39
)
\@float@every@algorithm=\toks41
\c@algorithm=\count151
)
(/usr/share/texlive/texmf-dist/tex/latex/algorithmicx/algpseudocode.sty
Package: algpseudocode 

(/usr/share/texlive/texmf-dist/tex/latex/algorithmicx/algorithmicx.sty
Package: algorithmicx 2005/04/27 v1.2 Algorithmicx

Document Style algorithmicx 1.2 - a greatly improved `algorithmic' style
\c@ALG@line=\count152
\c@ALG@rem=\count153
\c@ALG@nested=\count154
\ALG@tlm=\skip65
\ALG@thistlm=\skip66
\c@ALG@Lnr=\count155
\c@ALG@blocknr=\count156
\c@ALG@storecount=\count157
\c@ALG@tmpcounter=\count158
\ALG@tmplength=\skip67
)
Document Style - pseudocode environments for use with the `algorithmicx' style
)

Package geometry Warning: Over-specification in `h'-direction.
    `width' (845.04684pt) is ignored.


Package geometry Warning: Over-specification in `v'-direction.
    `height' (597.50787pt) is ignored.

(/usr/share/texlive/texmf-dist/tex/latex/backnaur/backnaur.sty
Package: backnaur 2019/06/18 3.1 Typesetting for Backus-Naur Form (BNF) definit
ions
)
\glswrite=\write3
\glo@main@file=\write4
\openout4 = `Thesis.glo'.

Package glossaries Info: Writing glossary file Thesis.glo on input line 54.
\glo@acronym@file=\write5
\openout5 = `Thesis.acn'.

Package glossaries Info: Writing glossary file Thesis.acn on input line 54.

(./chapters/glossary.tex) (./Thesis.aux

LaTeX Warning: Label `DOL-system example' multiply defined.


LaTeX Warning: Label `constants table' multiply defined.


LaTeX Warning: Label `3D rotations' multiply defined.


LaTeX Warning: Label `maths chapter' multiply defined.


LaTeX Warning: Label `3DAxisFigure' multiply defined.


LaTeX Warning: Label `rewriter diagram' multiply defined.


LaTeX Warning: Label `3DAxisFigure' multiply defined.


LaTeX Warning: Label `3DAxisFigure' multiply defined.


LaTeX Warning: Label `Gravity applied to generated model 1' multiply defined.


LaTeX Warning: Label `3DAxisFigure' multiply defined.

)
\openout1 = `Thesis.aux'.

LaTeX Font Info:    Checking defaults for OML/cmm/m/it on input line 57.
LaTeX Font Info:    ... okay on input line 57.
LaTeX Font Info:    Checking defaults for T1/cmr/m/n on input line 57.
LaTeX Font Info:    ... okay on input line 57.
LaTeX Font Info:    Checking defaults for OT1/cmr/m/n on input line 57.
LaTeX Font Info:    ... okay on input line 57.
LaTeX Font Info:    Checking defaults for OMS/cmsy/m/n on input line 57.
LaTeX Font Info:    ... okay on input line 57.
LaTeX Font Info:    Checking defaults for OMX/cmex/m/n on input line 57.
LaTeX Font Info:    ... okay on input line 57.
LaTeX Font Info:    Checking defaults for U/cmr/m/n on input line 57.
LaTeX Font Info:    ... okay on input line 57.
 (/usr/share/texlive/texmf-dist/tex/context/base/mkii/supp-pdf.mkii
[Loading MPS to PDF converter (version 2006.09.02).]
\scratchcounter=\count159
\scratchdimen=\dimen158
\scratchbox=\box40
\nofMPsegments=\count160
\nofMParguments=\count161
\everyMPshowfont=\toks42
\MPscratchCnt=\count162
\MPscratchDim=\dimen159
\MPnumerator=\count163
\makeMPintoPDFobject=\count164
\everyMPtoPDFconversion=\toks43
) (/usr/share/texlive/texmf-dist/tex/latex/oberdiek/epstopdf-base.sty
Package: epstopdf-base 2016/05/15 v2.6 Base part for package epstopdf

(/usr/share/texlive/texmf-dist/tex/latex/oberdiek/grfext.sty
Package: grfext 2016/05/16 v1.2 Manage graphics extensions (HO)

(/usr/share/texlive/texmf-dist/tex/generic/oberdiek/kvdefinekeys.sty
Package: kvdefinekeys 2016/05/16 v1.4 Define keys (HO)
))
(/usr/share/texlive/texmf-dist/tex/generic/oberdiek/pdftexcmds.sty
Package: pdftexcmds 2018/01/21 v0.26 Utility functions of pdfTeX for LuaTeX (HO
)
Package pdftexcmds Info: LuaTeX not detected.
Package pdftexcmds Info: \pdf@primitive is available.
Package pdftexcmds Info: \pdf@ifprimitive is available.
Package pdftexcmds Info: \pdfdraftmode found.
)
Package epstopdf-base Info: Redefining graphics rule for `.eps' on input line 4
38.
Package grfext Info: Graphics extension search list:
(grfext)             [.pdf,.png,.jpg,.mps,.jpeg,.jbig2,.jb2,.PDF,.PNG,.JPG,.JPE
G,.JBIG2,.JB2,.eps]
(grfext)             \AppendGraphicsExtensions on input line 456.

(/usr/share/texlive/texmf-dist/tex/latex/latexconfig/epstopdf-sys.cfg
File: epstopdf-sys.cfg 2010/07/13 v1.3 Configuration of (r)epstopdf for TeX Liv
e
))
*geometry* driver: auto-detecting
*geometry* detected driver: pdftex
*geometry* verbose mode - [ preamble ] result:
* driver: pdftex
* paper: legalpaper
* layout: <same size as paper>
* layoutoffset:(h,v)=(0.0pt,0.0pt)
* modes: twoside 
* h-part:(L,W,R)=(113.81102pt, 443.57848pt, 56.9055pt)
* v-part:(T,H,B)=(71.13188pt, 869.51624pt, 71.13188pt)
* \paperwidth=614.295pt
* \paperheight=1011.78pt
* \textwidth=443.57848pt
* \textheight=869.51624pt
* \oddsidemargin=41.54103pt
* \evensidemargin=-15.36449pt
* \topmargin=-38.1381pt
* \headheight=12.0pt
* \headsep=25.0pt
* \topskip=11.0pt
* \footskip=30.0pt
* \marginparwidth=113.0pt
* \marginparsep=10.0pt
* \columnsep=10.0pt
* \skip\footins=10.0pt plus 4.0pt minus 2.0pt
* \hoffset=0.0pt
* \voffset=0.0pt
* \mag=1000
* \@twocolumnfalse
* \@twosidetrue
* \@mparswitchtrue
* \@reversemarginfalse
* (1in=72.27pt=25.4mm, 1cm=28.453pt)

\c@lstlisting=\count165
[1

\openout3 = `Thesis.ist'.

{/var/lib/texmf/fonts/map/pdftex/updmap/pdftex.map}]
(./chapters/acknowledgements.tex)
Underfull \hbox (badness 10000) in paragraph at lines 2--63

 []


Underfull \hbox (badness 10000) in paragraph at lines 2--63

 []


Underfull \hbox (badness 10000) in paragraph at lines 2--63

 []

[2

] (./chapters/abstract.tex) [3

] (./Thesis.toc [4

])
\tf@toc=\write6
\openout6 = `Thesis.toc'.

 [5] (./Thesis.lof [6

])
\tf@lof=\write7
\openout7 = `Thesis.lof'.


[7] (./Thesis.lot)
\tf@lot=\write8
\openout8 = `Thesis.lot'.

 [8

]
Chapter 1.
(./chapters/Introduction.tex
Underfull \vbox (badness 10000) has occurred while \output is active []

 [9

]
Underfull \hbox (badness 10000) in paragraph at lines 13--14

 []

[10]
<images/Diagrams/snowflakeCurve.png, id=41, 1284.8pt x 827.09pt>
File: images/Diagrams/snowflakeCurve.png Graphic file (type png)
<use images/Diagrams/snowflakeCurve.png>
Package pdftex.def Info: images/Diagrams/snowflakeCurve.png  used on input line
 27.
(pdftex.def)             Requested size: 385.44298pt x 248.1289pt.
 [11 <./images/Diagrams/snowflakeCurve.png>]
<images/Diagrams/ChomskyGrammar.png, id=47, 596.2275pt x 353.32pt>
File: images/Diagrams/ChomskyGrammar.png Graphic file (type png)
<use images/Diagrams/ChomskyGrammar.png>
Package pdftex.def Info: images/Diagrams/ChomskyGrammar.png  used on input line
 46.
(pdftex.def)             Requested size: 417.3564pt x 247.32231pt.
 [12]
Underfull \vbox (badness 1590) has occurred while \output is active []

 [13 <./images/Diagrams/ChomskyGrammar.png>]) [14]
Chapter 2.
(./chapters/LindenmayerSystems.tex
Underfull \vbox (badness 3601) has occurred while \output is active []

 [15

]
<images/Diagrams/L-system_relationships.jpg, id=62, 864.22874pt x 663.47874pt>
File: images/Diagrams/L-system_relationships.jpg Graphic file (type jpg)
<use images/Diagrams/L-system_relationships.jpg>
Package pdftex.def Info: images/Diagrams/L-system_relationships.jpg  used on in
put line 14.
(pdftex.def)             Requested size: 432.11331pt x 331.73856pt.

Overfull \hbox (3.83482pt too wide) in paragraph at lines 14--15
 [][] 
 []


Overfull \hbox (4.76366pt too wide) in paragraph at lines 20--22
\OT1/cmr/m/n/10.95 as plants and trees, as well as other nonor-ganic struc-ture
s like mu-sic [[]].
 []


Underfull \vbox (badness 10000) has occurred while \output is active []

 [16 <./images/Diagrams/L-system_relationships.jpg>]
LaTeX Font Info:    Font shape `OMS/cmr/m/n' in size <10.95> not available
(Font)              Font shape `OMS/cmsy/m/n' tried instead on input line 31.

Underfull \vbox (badness 10000) has occurred while \output is active []

 [17]
[18]
<images/Diagrams/rotations.png, id=76, 664.4825pt x 622.325pt>
File: images/Diagrams/rotations.png Graphic file (type png)
<use images/Diagrams/rotations.png>
Package pdftex.def Info: images/Diagrams/rotations.png  used on input line 115.

(pdftex.def)             Requested size: 199.34628pt x 186.69893pt.
 [19]
Underfull \hbox (badness 10000) in paragraph at lines 124--127

 []


LaTeX Warning: `!h' float specifier changed to `!ht'.

[20 <./images/Diagrams/rotations.png>]
<images/Diagrams/basic_turtle.png, id=85, 1131.22626pt x 405.515pt>
File: images/Diagrams/basic_turtle.png Graphic file (type png)
<use images/Diagrams/basic_turtle.png>
Package pdftex.def Info: images/Diagrams/basic_turtle.png  used on input line 1
80.
(pdftex.def)             Requested size: 339.3705pt x 121.65543pt.
 [21 <./images/Diagrams/basic_turtle.png>]
<images/Diagrams/koch_curves.png, id=90, 1003.75pt x 1204.5pt>
File: images/Diagrams/koch_curves.png Graphic file (type png)
<use images/Diagrams/koch_curves.png>
Package pdftex.def Info: images/Diagrams/koch_curves.png  used on input line 20
7.
(pdftex.def)             Requested size: 250.93689pt x 301.12427pt.

Underfull \vbox (badness 10000) has occurred while \output is active []

 [22 <./images/Diagrams/koch_curves.png>]
<images/Diagrams/sierpinsky_triangle.png, id=95, 2509.375pt x 2007.5pt>
File: images/Diagrams/sierpinsky_triangle.png Graphic file (type png)
<use images/Diagrams/sierpinsky_triangle.png>
Package pdftex.def Info: images/Diagrams/sierpinsky_triangle.png  used on input
 line 228.
(pdftex.def)             Requested size: 250.9522pt x 200.76175pt.
 [23 <./images/Diagrams/sierpinsky_triangle.png>]
<images/Diagrams/branching.png, id=100, 963.6pt x 368.37625pt>
File: images/Diagrams/branching.png Graphic file (type png)
<use images/Diagrams/branching.png>
Package pdftex.def Info: images/Diagrams/branching.png  used on input line 253.

(pdftex.def)             Requested size: 337.26506pt x 128.93361pt.
<images/Diagrams/NestedBranching.png, id=101, 963.6pt x 352.31625pt>
File: images/Diagrams/NestedBranching.png Graphic file (type png)
<use images/Diagrams/NestedBranching.png>
Package pdftex.def Info: images/Diagrams/NestedBranching.png  used on input lin
e 268.
(pdftex.def)             Requested size: 337.26506pt x 123.31253pt.
<images/Diagrams/fractalBush.png, id=102, 1018.80624pt x 796.9775pt>
File: images/Diagrams/fractalBush.png Graphic file (type png)
<use images/Diagrams/fractalBush.png>
Package pdftex.def Info: images/Diagrams/fractalBush.png  used on input line 28
8.
(pdftex.def)             Requested size: 234.32051pt x 183.30096pt.
[24 <./images/Diagrams/branching.png> <./images/Diagrams/NestedBranching.png>]
<images/Diagrams/fractalPlant.png, id=108, 1014.79124pt x 798.985pt>
File: images/Diagrams/fractalPlant.png Graphic file (type png)
<use images/Diagrams/fractalPlant.png>
Package pdftex.def Info: images/Diagrams/fractalPlant.png  used on input line 3
09.
(pdftex.def)             Requested size: 233.39708pt x 183.76268pt.

Underfull \vbox (badness 10000) has occurred while \output is active []

 [25 <./images/Diagrams/fractalBush.png> <./images/Diagrams/fractalPlant.png>]
Overfull \hbox (0.74872pt too wide) in paragraph at lines 319--320
\OT1/cmr/m/n/10.95 oped upon in 2012 by Prusinkiewicz and Lin-den-mayer [[]].
 []

[26] [27]
<images/Diagrams/object_example.png, id=119, 1204.5pt x 798.985pt>
File: images/Diagrams/object_example.png Graphic file (type png)
<use images/Diagrams/object_example.png>
Package pdftex.def Info: images/Diagrams/object_example.png  used on input line
 398.
(pdftex.def)             Requested size: 240.89574pt x 159.79416pt.
 [28 <./images/Diagrams/object_example.png>]
<images/ParametricLsystem/branchingPattern.png, id=123, 1204.5pt x 597.23125pt>

File: images/ParametricLsystem/branchingPattern.png Graphic file (type png)
<use images/ParametricLsystem/branchingPattern.png>
Package pdftex.def Info: images/ParametricLsystem/branchingPattern.png  used on
 input line 433.
(pdftex.def)             Requested size: 361.35278pt x 179.17075pt.
 [29 <./images/ParametricLsystem/branchingPattern.png>]
<images/Diagrams/conditionalLsystem.png, id=127, 3613.5pt x 803.0pt>
File: images/Diagrams/conditionalLsystem.png Graphic file (type png)
<use images/Diagrams/conditionalLsystem.png>
Package pdftex.def Info: images/Diagrams/conditionalLsystem.png  used on input 
line 514.
(pdftex.def)             Requested size: 433.6013pt x 96.35583pt.

Overfull \hbox (5.32281pt too wide) in paragraph at lines 514--515
 [][] 
 []

[30]
<images/Diagrams/RandomTrees.png, id=131, 2007.5pt x 1505.625pt>
File: images/Diagrams/RandomTrees.png Graphic file (type png)
<use images/Diagrams/RandomTrees.png>
Package pdftex.def Info: images/Diagrams/RandomTrees.png  used on input line 54
7.
(pdftex.def)             Requested size: 341.2705pt x 255.95287pt.
 [31 <./images/Diagrams/conditionalLsystem.png>] [32 <./images/Diagrams/RandomT
rees.png>]
<images/Diagrams/stochastics.png, id=141, 1204.5pt x 401.5pt>
File: images/Diagrams/stochastics.png Graphic file (type png)
<use images/Diagrams/stochastics.png>
Package pdftex.def Info: images/Diagrams/stochastics.png  used on input line 58
9.
(pdftex.def)             Requested size: 421.58131pt x 140.5271pt.
 [33 <./images/Diagrams/stochastics.png>]
<images/Diagrams/FullDiagram.png, id=146, 985.6825pt x 541.02126pt>
File: images/Diagrams/FullDiagram.png Graphic file (type png)
<use images/Diagrams/FullDiagram.png>
Package pdftex.def Info: images/Diagrams/FullDiagram.png  used on input line 61
2.
(pdftex.def)             Requested size: 423.8352pt x 232.6346pt.
 [34]) [35 <./images/Diagrams/FullDiagram.png>]
Chapter 3.
(./chapters/Rewriter.tex
Underfull \vbox (badness 1845) has occurred while \output is active []

 [36

]
<images/Diagrams/StringRewriter.png, id=157, 1238.6275pt x 484.81125pt>
File: images/Diagrams/StringRewriter.png Graphic file (type png)
<use images/Diagrams/StringRewriter.png>
Package pdftex.def Info: images/Diagrams/StringRewriter.png  used on input line
 14.
(pdftex.def)             Requested size: 396.3689pt x 155.14276pt.

[37 <./images/Diagrams/StringRewriter.png>] [38]
Underfull \vbox (badness 6078) has occurred while \output is active []

 [39]
Overfull \hbox (33.96556pt too wide) in paragraph at lines 71--150
 [] 
 []


LaTeX Warning: `!h' float specifier changed to `!ht'.

[40] [41]
Underfull \vbox (badness 1062) has occurred while \output is active []

 [42]
<images/Diagrams/syntaxTree.png, id=179, 496.85625pt x 478.78876pt>
File: images/Diagrams/syntaxTree.png Graphic file (type png)
<use images/Diagrams/syntaxTree.png>
Package pdftex.def Info: images/Diagrams/syntaxTree.png  used on input line 187
.
(pdftex.def)             Requested size: 347.797pt x 335.14984pt.
LaTeX Font Info:    Try loading font information for OMS+cmtt on input line 222
.
LaTeX Font Info:    No file OMScmtt.fd. on input line 222.


LaTeX Font Warning: Font shape `OMS/cmtt/m/n' undefined
(Font)              using `OMS/cmsy/m/n' instead
(Font)              for symbol `textbraceleft' on input line 222.


Overfull \hbox (62.54007pt too wide) in alignment at lines 202--290
 [][][] []
 []

[43 <./images/Diagrams/syntaxTree.png>] [44] [45]
<images/Diagrams/ThesisContent.png, id=191, 618.31pt x 676.5275pt>
File: images/Diagrams/ThesisContent.png Graphic file (type png)
<use images/Diagrams/ThesisContent.png>
Package pdftex.def Info: images/Diagrams/ThesisContent.png  used on input line 
382.
(pdftex.def)             Requested size: 247.31961pt x 270.6062pt.
 [46] [47 <./images/Diagrams/ThesisContent.png>] [48] [49]
<images/Diagrams/rewriter.png, id=208, 835.12pt x 767.86874pt>
File: images/Diagrams/rewriter.png Graphic file (type png)
<use images/Diagrams/rewriter.png>
Package pdftex.def Info: images/Diagrams/rewriter.png  used on input line 490.
(pdftex.def)             Requested size: 417.55898pt x 383.93343pt.
 [50 <./images/Diagrams/rewriter.png>]) [51]
Chapter 4.
(./chapters/maths.tex
<images/Diagrams/vector_addition.png, id=217, 841.1425pt x 544.0325pt>
File: images/Diagrams/vector_addition.png Graphic file (type png)
<use images/Diagrams/vector_addition.png>
Package pdftex.def Info: images/Diagrams/vector_addition.png  used on input lin
e 35.
(pdftex.def)             Requested size: 168.22551pt x 108.80457pt.
 [52

]
<images/Diagrams/vector1.png, id=221, 677.53125pt x 507.8975pt>
File: images/Diagrams/vector1.png Graphic file (type png)
<use images/Diagrams/vector1.png>
Package pdftex.def Info: images/Diagrams/vector1.png  used on input line 70.
(pdftex.def)             Requested size: 67.75708pt x 50.79272pt.
<images/Diagrams/vector2.png, id=222, 677.53125pt x 507.8975pt>
File: images/Diagrams/vector2.png Graphic file (type png)
<use images/Diagrams/vector2.png>
Package pdftex.def Info: images/Diagrams/vector2.png  used on input line 72.
(pdftex.def)             Requested size: 67.75708pt x 50.79272pt.
<images/Diagrams/vector3.png, id=223, 590.205pt x 441.65pt>
File: images/Diagrams/vector3.png Graphic file (type png)
<use images/Diagrams/vector3.png>
Package pdftex.def Info: images/Diagrams/vector3.png  used on input line 74.
(pdftex.def)             Requested size: 59.02396pt x 44.16757pt.
<images/Diagrams/vector4.png, id=224, 677.53125pt x 507.8975pt>
File: images/Diagrams/vector4.png Graphic file (type png)
<use images/Diagrams/vector4.png>
Package pdftex.def Info: images/Diagrams/vector4.png  used on input line 76.
(pdftex.def)             Requested size: 67.75708pt x 50.79272pt.
<images/Diagrams/vector5.png, id=225, 676.5275pt x 507.8975pt>
File: images/Diagrams/vector5.png Graphic file (type png)
<use images/Diagrams/vector5.png>
Package pdftex.def Info: images/Diagrams/vector5.png  used on input line 78.
(pdftex.def)             Requested size: 67.65671pt x 50.79272pt.


LaTeX Warning: `!h' float specifier changed to `!ht'.

[53 <./images/Diagrams/vector_addition.png>]
<images/Diagrams/cross_product.png, id=231, 625.33624pt x 486.81876pt>
File: images/Diagrams/cross_product.png Graphic file (type png)
<use images/Diagrams/cross_product.png>
Package pdftex.def Info: images/Diagrams/cross_product.png  used on input line 
105.
(pdftex.def)             Requested size: 156.33368pt x 121.70439pt.

Underfull \vbox (badness 2856) has occurred while \output is active []

 [54 <./images/Diagrams/vector1.png> <./images/Diagrams/vector2.png> <./images/
Diagrams/vector3.png> <./images/Diagrams/vector4.png> <./images/Diagrams/vector
5.png> <./images/Diagrams/cross_product.png>]
Overfull \hbox (22.05211pt too wide) detected at line 177
[] \OT1/cmr/m/n/10.95 = [] \OMS/cmtt/m/n/10.95 ^^B [] \OT1/cmr/m/n/10.95 = []
 []

[55] [56]
Underfull \vbox (badness 1019) has occurred while \output is active []

 [57]
Underfull \vbox (badness 10000) has occurred while \output is active []

 [58])
[59]
Chapter 5.
(./chapters/Interpreter.tex
<images/Diagrams/L-systemInterpreter.png, id=257, 996.72375pt x 577.15625pt>
File: images/Diagrams/L-systemInterpreter.png Graphic file (type png)
<use images/Diagrams/L-systemInterpreter.png>
Package pdftex.def Info: images/Diagrams/L-systemInterpreter.png  used on input
 line 13.
(pdftex.def)             Requested size: 398.68243pt x 230.8584pt.
 [60

]

LaTeX Warning: `!h' float specifier changed to `!ht'.

[61 <./images/Diagrams/L-systemInterpreter.png>]
<images/Diagrams/JointDiagram.png, id=266, 479.7925pt x 527.9725pt>
File: images/Diagrams/JointDiagram.png Graphic file (type png)
<use images/Diagrams/JointDiagram.png>
Package pdftex.def Info: images/Diagrams/JointDiagram.png  used on input line 7
1.
(pdftex.def)             Requested size: 287.8777pt x 316.78593pt.

Underfull \vbox (badness 1571) has occurred while \output is active []

 [62 <./images/Diagrams/JointDiagram.png>]
<images/Diagrams/SkeletonJoints.png, id=271, 607.26875pt x 506.89375pt>
File: images/Diagrams/SkeletonJoints.png Graphic file (type png)
<use images/Diagrams/SkeletonJoints.png>
Package pdftex.def Info: images/Diagrams/SkeletonJoints.png  used on input line
 90.
(pdftex.def)             Requested size: 242.9032pt x 202.7539pt.
 [63 <./images/Diagrams/SkeletonJoints.png>]
<images/Diagrams/stackedBranchesMesh.png, id=276, 777.90625pt x 731.73375pt>
File: images/Diagrams/stackedBranchesMesh.png Graphic file (type png)
<use images/Diagrams/stackedBranchesMesh.png>
Package pdftex.def Info: images/Diagrams/stackedBranchesMesh.png  used on input
 line 111.
(pdftex.def)             Requested size: 155.57849pt x 146.34415pt.
<images/Diagrams/linkedBranchesMesh.png, id=277, 724.7075pt x 623.32875pt>
File: images/Diagrams/linkedBranchesMesh.png Graphic file (type png)
<use images/Diagrams/linkedBranchesMesh.png>
Package pdftex.def Info: images/Diagrams/linkedBranchesMesh.png  used on input 
line 131.
(pdftex.def)             Requested size: 144.93893pt x 124.66353pt.

[64 <./images/Diagrams/stackedBranchesMesh.png>]
<images/Diagrams/StackedVsLinked.png, id=281, 1003.75pt x 1003.75pt>
File: images/Diagrams/StackedVsLinked.png Graphic file (type png)
<use images/Diagrams/StackedVsLinked.png>
Package pdftex.def Info: images/Diagrams/StackedVsLinked.png  used on input lin
e 144.
(pdftex.def)             Requested size: 200.74644pt x 200.74644pt.
 [65 <./images/Diagrams/linkedBranchesMesh.png> <./images/Diagrams/StackedVsLin
ked.png>]
<images/Diagrams/VertexObjects.png, id=286, 715.67375pt x 344.28625pt>
File: images/Diagrams/VertexObjects.png Graphic file (type png)
<use images/Diagrams/VertexObjects.png>
Package pdftex.def Info: images/Diagrams/VertexObjects.png  used on input line 
171.
(pdftex.def)             Requested size: 357.836pt x 172.1427pt.
 [66 <./images/Diagrams/VertexObjects.png>]) [67]
Chapter 6.
(./chapters/Physics.tex
Underfull \vbox (badness 1067) has occurred while \output is active []

 [68

]
<images/Diagrams/HookesLaw.png, id=298, 516.93124pt x 375.4025pt>
File: images/Diagrams/HookesLaw.png Graphic file (type png)
<use images/Diagrams/HookesLaw.png>
Package pdftex.def Info: images/Diagrams/HookesLaw.png  used on input line 12.
(pdftex.def)             Requested size: 258.46498pt x 187.70079pt.

[69 <./images/Diagrams/HookesLaw.png>] [70] [71]) [72]
Chapter 7.
(./chapters/results.tex
Overfull \hbox (46.03934pt too wide) detected at line 28
[][]
 []


LaTeX Warning: `!h' float specifier changed to `!ht'.

[73

]
<images/Diagrams/branchWidthIncrease.png, id=316, 1308.89pt x 588.1975pt>
File: images/Diagrams/branchWidthIncrease.png Graphic file (type png)
<use images/Diagrams/branchWidthIncrease.png>
Package pdftex.def Info: images/Diagrams/branchWidthIncrease.png  used on input
 line 63.
(pdftex.def)             Requested size: 458.11836pt x 205.87221pt.

Overfull \hbox (14.53989pt too wide) in paragraph at lines 63--64
 [][] 
 []

<images/Diagrams/TernaryBranching3_vr.png, id=317, 1204.5pt x 903.375pt>
File: images/Diagrams/TernaryBranching3_vr.png Graphic file (type png)
<use images/Diagrams/TernaryBranching3_vr.png>
Package pdftex.def Info: images/Diagrams/TernaryBranching3_vr.png  used on inpu
t line 72.
(pdftex.def)             Requested size: 361.35278pt x 271.01459pt.
[74 <./images/Diagrams/branchWidthIncrease.png>]
<images/Diagrams/TernaryBranching2_angle_example.png, id=322, 1204.5pt x 903.37
5pt>
File: images/Diagrams/TernaryBranching2_angle_example.png Graphic file (type pn
g)
<use images/Diagrams/TernaryBranching2_angle_example.png>
Package pdftex.def Info: images/Diagrams/TernaryBranching2_angle_example.png  u
sed on input line 84.
(pdftex.def)             Requested size: 361.35278pt x 271.01459pt.
 [75 <./images/Diagrams/TernaryBranching3_vr.png> <./images/Diagrams/TernaryBra
nching2_angle_example.png>]
<images/Diagrams/ternarybranching3_a60.png, id=328, 952.55875pt x 587.19376pt>
File: images/Diagrams/ternarybranching3_a60.png Graphic file (type png)
<use images/Diagrams/ternarybranching3_a60.png>
Package pdftex.def Info: images/Diagrams/ternarybranching3_a60.png  used on inp
ut line 99.
(pdftex.def)             Requested size: 285.76982pt x 176.15948pt.
<images/Diagrams/TernaryBranching3_constantSC.png, id=329, 1204.5pt x 903.375pt
>
File: images/Diagrams/TernaryBranching3_constantSC.png Graphic file (type png)
<use images/Diagrams/TernaryBranching3_constantSC.png>
Package pdftex.def Info: images/Diagrams/TernaryBranching3_constantSC.png  used
 on input line 113.
(pdftex.def)             Requested size: 361.35278pt x 271.01459pt.

[76 <./images/Diagrams/ternarybranching3_a60.png>]
<images/Diagrams/springconstantgraphs.png, id=334, 1405.25pt x 1003.75pt>
File: images/Diagrams/springconstantgraphs.png Graphic file (type png)
<use images/Diagrams/springconstantgraphs.png>
Package pdftex.def Info: images/Diagrams/springconstantgraphs.png  used on inpu
t line 125.
(pdftex.def)             Requested size: 421.57826pt x 301.12732pt.
 [77 <./images/Diagrams/TernaryBranching3_constantSC.png>]
<images/Diagrams/TernaryBranching3_scmod.png, id=339, 1204.5pt x 1204.5pt>
File: images/Diagrams/TernaryBranching3_scmod.png Graphic file (type png)
<use images/Diagrams/TernaryBranching3_scmod.png>
Package pdftex.def Info: images/Diagrams/TernaryBranching3_scmod.png  used on i
nput line 134.
(pdftex.def)             Requested size: 361.35278pt x 361.35278pt.
 [78 <./images/Diagrams/springconstantgraphs.png> <./images/Diagrams/TernaryBra
nching3_scmod.png>]
<images/Diagrams/gravityExamples1.png, id=345, 3208.98875pt x 1014.79124pt>
File: images/Diagrams/gravityExamples1.png Graphic file (type png)
<use images/Diagrams/gravityExamples1.png>
Package pdftex.def Info: images/Diagrams/gravityExamples1.png  used on input li
ne 158.
(pdftex.def)             Requested size: 320.91768pt x 101.48506pt.

Overfull \hbox (7.95767pt too wide) detected at line 179
[][]
 []

<images/Diagrams/gravityExamples2.png, id=346, 3208.98875pt x 1048.91875pt>
File: images/Diagrams/gravityExamples2.png Graphic file (type png)
<use images/Diagrams/gravityExamples2.png>
Package pdftex.def Info: images/Diagrams/gravityExamples2.png  used on input li
ne 185.
(pdftex.def)             Requested size: 320.91768pt x 104.89801pt.
<images/Diagrams/windExample.png, id=347, 1003.75pt x 1003.75pt>
File: images/Diagrams/windExample.png Graphic file (type png)
<use images/Diagrams/windExample.png>
Package pdftex.def Info: images/Diagrams/windExample.png  used on input line 19
8.
(pdftex.def)             Requested size: 301.12732pt x 301.12732pt.
[79

 <./images/Diagrams/gravityExamples1.png> <./images/Diagrams/gravityExamples2.p
ng>]) [80 <./images/Diagrams/windExample.png>]
Chapter 8.
(./chapters/discussion.tex
Underfull \vbox (badness 3601) has occurred while \output is active []

 [81

])
No file Thesis.acr.
No file Thesis.gls.
[82] [83


] (./chapters/appendix.tex
Appendix A.
(/usr/share/texlive/texmf-dist/tex/latex/listings/lstlang1.sty
File: lstlang1.sty 2015/06/04 1.6 listings language file
)
(/usr/share/texlive/texmf-dist/tex/latex/listings/lstmisc.sty
File: lstmisc.sty 2015/06/04 1.6 (Carsten Heinz)
)
LaTeX Font Info:    Font shape `OML/cmr/m/n' in size <10.95> not available
(Font)              Font shape `OML/cmm/m/it' tried instead on input line 44.
 [84

]
Appendix B.
[85

] [86] (./Thesis.bbl [87] [88

] [89])) [90] (./Thesis.aux)

LaTeX Font Warning: Some font shapes were not available, defaults substituted.


LaTeX Warning: There were multiply-defined labels.

 ) 
Here is how much of TeX's memory you used:
 11688 strings out of 492982
 171781 string characters out of 6134896
 323405 words of memory out of 5000000
 14914 multiletter control sequences out of 15000+600000
 13812 words of font info for 50 fonts, out of 8000000 for 9000
 1141 hyphenation exceptions out of 8191
 45i,15n,72p,2184b,1302s stack positions out of 5000i,500n,10000p,200000b,80000s
</usr/share/texlive/texmf-dist/fonts/type1/public/amsfonts/cm/cmbx10.pfb></us
r/share/texlive/texmf-dist/fonts/type1/public/amsfonts/cm/cmbx12.pfb></usr/shar
e/texlive/texmf-dist/fonts/type1/public/amsfonts/cm/cmcsc10.pfb></usr/share/tex
live/texmf-dist/fonts/type1/public/amsfonts/cm/cmex10.pfb></usr/share/texlive/t
exmf-dist/fonts/type1/public/amsfonts/cm/cmmi10.pfb></usr/share/texlive/texmf-d
ist/fonts/type1/public/amsfonts/cm/cmmi8.pfb></usr/share/texlive/texmf-dist/fon
ts/type1/public/amsfonts/cm/cmr10.pfb></usr/share/texlive/texmf-dist/fonts/type
1/public/amsfonts/cm/cmr12.pfb></usr/share/texlive/texmf-dist/fonts/type1/publi
c/amsfonts/cm/cmr17.pfb></usr/share/texlive/texmf-dist/fonts/type1/public/amsfo
nts/cm/cmr8.pfb></usr/share/texlive/texmf-dist/fonts/type1/public/amsfonts/cm/c
mr9.pfb></usr/share/texlive/texmf-dist/fonts/type1/public/amsfonts/cm/cmsy10.pf
b></usr/share/texlive/texmf-dist/fonts/type1/public/amsfonts/cm/cmsy8.pfb></usr
/share/texlive/texmf-dist/fonts/type1/public/amsfonts/cm/cmti10.pfb></usr/share
/texlive/texmf-dist/fonts/type1/public/amsfonts/cm/cmtt10.pfb>
Output written on Thesis.pdf (90 pages, 10120615 bytes).
PDF statistics:
 441 PDF objects out of 1000 (max. 8388607)
 246 compressed objects within 3 object streams
 0 named destinations out of 1000 (max. 500000)
 231 words of extra memory for PDF output out of 10000 (max. 10000000)

